<?xml version="1.0" encoding="UTF-8"?>
<!-- Generated by org.testng.reporters.JUnitReportReporter -->
<testsuite hostname="MUMNEWLAPTOP429" failures="0" tests="5" name="test.AddToCartTest" time="22.793" errors="0" timestamp="2025-06-20T16:18:55 IST" skipped="0">
  <testcase classname="test.AddToCartTest" name="cartIconShouldShowItemCount" time="3.631"/>
  <testcase classname="test.AddToCartTest" name="removeItemFromCart" time="4.872"/>
  <testcase classname="test.AddToCartTest" name="addMultipleItemsToCart" time="4.769"/>
  <testcase classname="test.AddToCartTest" name="navigateBackToInventoryFromCart" time="4.738"/>
  <testcase classname="test.AddToCartTest" name="addSingleItemToCart" time="4.783"/>
</testsuite> <!-- test.AddToCartTest -->
