<?xml version="1.0" encoding="UTF-8"?>
<!-- Generated by org.testng.reporters.JUnitReportReporter -->
<testsuite hostname="MUMNEWLAPTOP429" failures="0" tests="4" name="test.SortTest" time="13.402" errors="0" timestamp="2025-06-20T16:18:55 IST" skipped="0">
  <testcase classname="test.SortTest" name="sortByPriceLowToHigh" time="3.903"/>
  <testcase classname="test.SortTest" name="sortByNameZToA" time="3.253"/>
  <testcase classname="test.SortTest" name="sortByNameAToZ" time="3.256"/>
  <testcase classname="test.SortTest" name="sortByPriceHighToLow" time="2.990"/>
</testsuite> <!-- test.SortTest -->
