<?xml version="1.0" encoding="UTF-8"?>
<!-- Generated by org.testng.reporters.JUnitReportReporter -->
<testsuite hostname="MUMNEWLAPTOP429" failures="0" tests="6" name="test.LoginTest" time="46.739" errors="0" timestamp="2025-06-04T18:27:07 IST" skipped="0">
  <testcase classname="test.LoginTest" name="problemUserLogin" time="4.687"/>
  <testcase classname="test.LoginTest" name="lockedOutUserLogin" time="12.387"/>
  <testcase classname="test.LoginTest" name="invalidLoginWrongPassword" time="5.397"/>
  <testcase classname="test.LoginTest" name="invalidLoginBlankFields" time="9.428"/>
  <testcase classname="test.LoginTest" name="glitchUserLogin" time="9.938"/>
  <testcase classname="test.LoginTest" name="validLoginStandardUser" time="4.902"/>
</testsuite> <!-- test.LoginTest -->
