<?xml version="1.0" encoding="UTF-8"?>
<!-- Generated by org.testng.reporters.JUnitReportReporter -->
<testsuite hostname="MUMNEWLAPTOP429" failures="0" tests="3" name="test.CartTest" time="17.654" errors="0" timestamp="2025-06-04T18:27:07 IST" skipped="0">
  <testcase classname="test.CartTest" name="backButtonFromCart" time="4.427"/>
  <testcase classname="test.CartTest" name="cartQuantityUpdateTest" time="8.637"/>
  <testcase classname="test.CartTest" name="validateItemNamesInCart" time="4.590"/>
</testsuite> <!-- test.CartTest -->
