<?xml version="1.0" encoding="UTF-8"?>
<!-- Generated by org.testng.reporters.JUnitReportReporter -->
<testsuite hostname="MUMNEWLAPTOP429" failures="0" tests="6" name="test.LoginTest" time="34.743" errors="0" timestamp="2025-06-20T16:18:55 IST" skipped="0">
  <testcase classname="test.LoginTest" name="glitchUserLogin" time="9.152"/>
  <testcase classname="test.LoginTest" name="lockedOutUserLogin" time="4.259"/>
  <testcase classname="test.LoginTest" name="invalidLoginWrongPassword" time="4.018"/>
  <testcase classname="test.LoginTest" name="validLoginStandardUser" time="5.286"/>
  <testcase classname="test.LoginTest" name="invalidLoginBlankFields" time="7.866"/>
  <testcase classname="test.LoginTest" name="problemUserLogin" time="4.162"/>
</testsuite> <!-- test.LoginTest -->
