<?xml version="1.0" encoding="UTF-8"?>
<!-- Generated by org.testng.reporters.JUnitReportReporter -->
<testsuite hostname="MUMNEWLAPTOP429" failures="0" tests="1" name="test.LogoutTest" time="5.870" errors="0" timestamp="2025-06-20T16:21:48 IST" skipped="0">
  <testcase classname="test.LogoutTest" name="logoutFromInventoryPage" time="5.870"/>
</testsuite> <!-- test.LogoutTest -->
