<?xml version="1.0" encoding="UTF-8"?>
<!-- Generated by org.testng.reporters.JUnitReportReporter -->
<testsuite hostname="MUMNEWLAPTOP429" failures="0" tests="1" name="test.CheckoutTest" time="6.450" errors="0" timestamp="2025-06-20T16:45:08 IST" skipped="0">
  <testcase classname="test.CheckoutTest" name="completeCheckoutSuccessfully" time="6.450"/>
</testsuite> <!-- test.CheckoutTest -->
