<?xml version="1.0" encoding="UTF-8"?>
<!-- Generated by org.testng.reporters.JUnitReportReporter -->
<testsuite hostname="MUMNEWLAPTOP429" failures="0" tests="9" name="test.CheckoutTest" time="37.078" errors="0" timestamp="2025-06-20T16:18:55 IST" skipped="0">
  <testcase classname="test.CheckoutTest" name="invalidPostalCodeFormat" time="3.415"/>
  <testcase classname="test.CheckoutTest" name="checkoutMissingFirstName" time="3.578"/>
  <testcase classname="test.CheckoutTest" name="checkoutMissingLastName" time="3.639"/>
  <testcase classname="test.CheckoutTest" name="checkoutMissingPostalCode" time="4.045"/>
  <testcase classname="test.CheckoutTest" name="backToCartFromCheckoutStepOne" time="3.817"/>
  <testcase classname="test.CheckoutTest" name="verifyTaxCalculation" time="3.446"/>
  <testcase classname="test.CheckoutTest" name="cancelCheckoutOnStep1" time="3.339"/>
  <testcase classname="test.CheckoutTest" name="completeCheckoutSuccessfully" time="8.047"/>
  <testcase classname="test.CheckoutTest" name="cancelCheckoutOnOverviewPage" time="3.752"/>
</testsuite> <!-- test.CheckoutTest -->
