<?xml version="1.0" encoding="UTF-8"?>
<!-- Generated by org.testng.reporters.JUnitReportReporter -->
<testsuite hostname="MUMNEWLAPTOP429" failures="0" tests="4" name="test.SortTest" time="16.416" errors="0" timestamp="2025-06-04T18:27:07 IST" skipped="0">
  <testcase classname="test.SortTest" name="sortByPriceLowToHigh" time="5.621"/>
  <testcase classname="test.SortTest" name="sortByNameZToA" time="3.788"/>
  <testcase classname="test.SortTest" name="sortByNameAToZ" time="3.444"/>
  <testcase classname="test.SortTest" name="sortByPriceHighToLow" time="3.563"/>
</testsuite> <!-- test.SortTest -->
