<?xml version="1.0" encoding="UTF-8"?>
<!-- Generated by org.testng.reporters.JUnitReportReporter -->
<testsuite hostname="MUMNEWLAPTOP429" failures="0" tests="3" name="test.CartTest" time="12.209" errors="0" timestamp="2025-06-20T16:18:55 IST" skipped="0">
  <testcase classname="test.CartTest" name="backButtonFromCart" time="3.361"/>
  <testcase classname="test.CartTest" name="cartQuantityUpdateTest" time="3.369"/>
  <testcase classname="test.CartTest" name="validateItemNamesInCart" time="5.479"/>
</testsuite> <!-- test.CartTest -->
